Traceback (most recent call last):
  File "/usr/local/lib/python3.9/site-packages/jupyter_cache/executors/utils.py", line 51, in single_nb_execution
    executenb(
  File "/usr/local/lib/python3.9/site-packages/nbclient/client.py", line 1117, in execute
    return NotebookClient(nb=nb, resources=resources, km=km, **kwargs).execute()
  File "/usr/local/lib/python3.9/site-packages/nbclient/util.py", line 78, in wrapped
    return just_run(coro(*args, **kwargs))
  File "/usr/local/lib/python3.9/site-packages/nbclient/util.py", line 57, in just_run
    return loop.run_until_complete(coro)
  File "/usr/local/Cellar/python@3.9/3.9.6/Frameworks/Python.framework/Versions/3.9/lib/python3.9/asyncio/base_events.py", line 642, in run_until_complete
    return future.result()
  File "/usr/local/lib/python3.9/site-packages/nbclient/client.py", line 558, in async_execute
    await self.async_execute_cell(
  File "/usr/local/lib/python3.9/site-packages/nbclient/client.py", line 862, in async_execute_cell
    self._check_raise_for_error(cell, exec_reply)
  File "/usr/local/lib/python3.9/site-packages/nbclient/client.py", line 765, in _check_raise_for_error
    raise CellExecutionError.from_cell_and_msg(cell, exec_reply_content)
nbclient.exceptions.CellExecutionError: An error occurred while executing the following cell:
------------------
fig, axes = plt.subplots(2, 3, figsize=(15, 5), sharey=True)

sns.distplot(ax = axes[0,0], a = np.triu(x['cue_ya'][dmn][:,dmn]).mean(axis=0).mean(axis=0), label = 'cue', hist=False)
sns.distplot(ax = axes[0,0], a = np.triu(x['match_ya'][dmn][:,dmn]).mean(axis=0).mean(axis=0), label = 'match', hist=False)
sns.distplot(ax = axes[0,0], a = np.triu(x['mismatch_ya'][dmn][:,dmn]).mean(axis=0).mean(axis=0), label = 'mismatch', hist=False)

sns.distplot(ax = axes[0,1], a = np.triu(x['cue_ya'][fpn][:,fpn]).mean(axis=0).mean(axis=0), label = 'cue', hist=False)
sns.distplot(ax = axes[0,1], a = np.triu(x['match_ya'][fpn][:,fpn]).mean(axis=0).mean(axis=0), label = 'match', hist=False)
sns.distplot(ax = axes[0,1], a = np.triu(x['mismatch_ya'][fpn][:,fpn]).mean(axis=0).mean(axis=0), label = 'mismatch', hist=False)

sns.distplot(ax = axes[0,2], a = np.triu(x['cue_ya'][dmn][:,fpn]).mean(axis=1).mean(axis=0), label = 'cue', hist=False)
sns.distplot(ax = axes[0,2], a = np.triu(x['match_ya'][dmn][:,fpn]).mean(axis=1).mean(axis=0), label = 'match', hist=False)
sns.distplot(ax = axes[0,2], a = np.triu(x['mismatch_ya'][dmn][:,fpn]).mean(axis=1).mean(axis=0), label = 'mismatch', hist=False)

sns.distplot(ax = axes[1,0], a = np.triu(x['cue_oa'][dmn][:,dmn]).mean(axis=0).mean(axis=0), label = 'cue', hist=False)
sns.distplot(ax = axes[1,0], a = np.triu(x['match_oa'][dmn][:,dmn]).mean(axis=0).mean(axis=0), label = 'match', hist=False)
sns.distplot(ax = axes[1,0], a = np.triu(x['mismatch_oa'][dmn][:,dmn]).mean(axis=0).mean(axis=0), label = 'mismatch', hist=False)

sns.distplot(ax = axes[1,1], a = np.triu(x['cue_oa'][fpn][:,fpn]).mean(axis=0).mean(axis=0), label = 'cue', hist=False)
sns.distplot(ax = axes[1,1], a = np.triu(x['match_oa'][fpn][:,fpn]).mean(axis=0).mean(axis=0), label = 'match', hist=False)
sns.distplot(ax = axes[1,1], a = np.triu(x['mismatch_oa'][fpn][:,fpn]).mean(axis=0).mean(axis=0), label = 'mismatch', hist=False)

sns.distplot(ax = axes[1,2], a = np.triu(x['cue_oa'][dmn][:,fpn]).mean(axis=1).mean(axis=0), label = 'cue', hist=False)
sns.distplot(ax = axes[1,2], a = np.triu(x['match_oa'][dmn][:,fpn]).mean(axis=1).mean(axis=0), label = 'match', hist=False)
sns.distplot(ax = axes[1,2], a = np.triu(x['mismatch_oa'][dmn][:,fpn]).mean(axis=1).mean(axis=0), label = 'mismatch', hist=False)

axes[0,0].set_ylabel('Young Adults')
axes[1,0].set_ylabel('Older Adults')

axes[0,0].set_title('Within DMN FC')
axes[0,1].set_title('Within FPN FC')
axes[0,2].set_title('DMN-FPN FC')

plt.legend()
plt.savefig(results_dir + 'hist_fc-by-condition-group.png', dpi=300)
------------------

[0;31m---------------------------------------------------------------------------[0m
[0;31mNameError[0m                                 Traceback (most recent call last)
[0;32m/var/folders/ld/qzxjl7f92_5gzy756sfjkjfh0000gn/T/ipykernel_62451/4177041322.py[0m in [0;36m<module>[0;34m[0m
[1;32m      1[0m [0mfig[0m[0;34m,[0m [0maxes[0m [0;34m=[0m [0mplt[0m[0;34m.[0m[0msubplots[0m[0;34m([0m[0;36m2[0m[0;34m,[0m [0;36m3[0m[0;34m,[0m [0mfigsize[0m[0;34m=[0m[0;34m([0m[0;36m15[0m[0;34m,[0m [0;36m5[0m[0;34m)[0m[0;34m,[0m [0msharey[0m[0;34m=[0m[0;32mTrue[0m[0;34m)[0m[0;34m[0m[0;34m[0m[0m
[1;32m      2[0m [0;34m[0m[0m
[0;32m----> 3[0;31m [0msns[0m[0;34m.[0m[0mdistplot[0m[0;34m([0m[0max[0m [0;34m=[0m [0maxes[0m[0;34m[[0m[0;36m0[0m[0;34m,[0m[0;36m0[0m[0;34m][0m[0;34m,[0m [0ma[0m [0;34m=[0m [0mnp[0m[0;34m.[0m[0mtriu[0m[0;34m([0m[0mx[0m[0;34m[[0m[0;34m'cue_ya'[0m[0;34m][0m[0;34m[[0m[0mdmn[0m[0;34m][0m[0;34m[[0m[0;34m:[0m[0;34m,[0m[0mdmn[0m[0;34m][0m[0;34m)[0m[0;34m.[0m[0mmean[0m[0;34m([0m[0maxis[0m[0;34m=[0m[0;36m0[0m[0;34m)[0m[0;34m.[0m[0mmean[0m[0;34m([0m[0maxis[0m[0;34m=[0m[0;36m0[0m[0;34m)[0m[0;34m,[0m [0mlabel[0m [0;34m=[0m [0;34m'cue'[0m[0;34m,[0m [0mhist[0m[0;34m=[0m[0;32mFalse[0m[0;34m)[0m[0;34m[0m[0;34m[0m[0m
[0m[1;32m      4[0m [0msns[0m[0;34m.[0m[0mdistplot[0m[0;34m([0m[0max[0m [0;34m=[0m [0maxes[0m[0;34m[[0m[0;36m0[0m[0;34m,[0m[0;36m0[0m[0;34m][0m[0;34m,[0m [0ma[0m [0;34m=[0m [0mnp[0m[0;34m.[0m[0mtriu[0m[0;34m([0m[0mx[0m[0;34m[[0m[0;34m'match_ya'[0m[0;34m][0m[0;34m[[0m[0mdmn[0m[0;34m][0m[0;34m[[0m[0;34m:[0m[0;34m,[0m[0mdmn[0m[0;34m][0m[0;34m)[0m[0;34m.[0m[0mmean[0m[0;34m([0m[0maxis[0m[0;34m=[0m[0;36m0[0m[0;34m)[0m[0;34m.[0m[0mmean[0m[0;34m([0m[0maxis[0m[0;34m=[0m[0;36m0[0m[0;34m)[0m[0;34m,[0m [0mlabel[0m [0;34m=[0m [0;34m'match'[0m[0;34m,[0m [0mhist[0m[0;34m=[0m[0;32mFalse[0m[0;34m)[0m[0;34m[0m[0;34m[0m[0m
[1;32m      5[0m [0msns[0m[0;34m.[0m[0mdistplot[0m[0;34m([0m[0max[0m [0;34m=[0m [0maxes[0m[0;34m[[0m[0;36m0[0m[0;34m,[0m[0;36m0[0m[0;34m][0m[0;34m,[0m [0ma[0m [0;34m=[0m [0mnp[0m[0;34m.[0m[0mtriu[0m[0;34m([0m[0mx[0m[0;34m[[0m[0;34m'mismatch_ya'[0m[0;34m][0m[0;34m[[0m[0mdmn[0m[0;34m][0m[0;34m[[0m[0;34m:[0m[0;34m,[0m[0mdmn[0m[0;34m][0m[0;34m)[0m[0;34m.[0m[0mmean[0m[0;34m([0m[0maxis[0m[0;34m=[0m[0;36m0[0m[0;34m)[0m[0;34m.[0m[0mmean[0m[0;34m([0m[0maxis[0m[0;34m=[0m[0;36m0[0m[0;34m)[0m[0;34m,[0m [0mlabel[0m [0;34m=[0m [0;34m'mismatch'[0m[0;34m,[0m [0mhist[0m[0;34m=[0m[0;32mFalse[0m[0;34m)[0m[0;34m[0m[0;34m[0m[0m

[0;31mNameError[0m: name 'x' is not defined
NameError: name 'x' is not defined

